# JRE version: Java(TM) SE Runtime Environment (8.0_91-b15) (build 1.8.0_91-b15)
# Java VM: Java HotSpot(TM) 64-Bit Server VM (25.91-b15 mixed mode windows-amd64 compressed oops)
Heap:
 PSYoungGen      total 333824K, used 72780K [0x00000000e0000000, 0x00000000f6f80000, 0x0000000100000000)
  eden space 294912K, 22% used [0x00000000e0000000,0x00000000e3fc4060,0x00000000f2000000)
  from space 38912K, 19% used [0x00000000f2000000,0x00000000f274f040,0x00000000f4600000)
  to   space 38400K, 0% used [0x00000000f4a00000,0x00000000f4a00000,0x00000000f6f80000)
 ParOldGen       total 244224K, used 70243K [0x00000000a0000000, 0x00000000aee80000, 0x00000000e0000000)
  object space 244224K, 28% used [0x00000000a0000000,0x00000000a4498ec0,0x00000000aee80000)
 Metaspace       used 89150K, capacity 96248K, committed 98600K, reserved 1134592K
  class space    used 11389K, capacity 12914K, committed 13472K, reserved 1048576K
GC Heap History (10 events):
Event: 5314.798 GC heap before
{Heap before GC invocations=31 (full 3):
 PSYoungGen      total 321024K, used 230273K [0x00000000e0000000, 0x00000000f6d80000, 0x0000000100000000)
  eden space 299520K, 69% used [0x00000000e0000000,0x00000000ecc58f98,0x00000000f2480000)
  from space 21504K, 97% used [0x00000000f2f80000,0x00000000f4407750,0x00000000f4480000)
  to   space 37376K, 0% used [0x00000000f4900000,0x00000000f4900000,0x00000000f6d80000)
 ParOldGen       total 165376K, used 103546K [0x00000000a0000000, 0x00000000aa180000, 0x00000000e0000000)
  object space 165376K, 62% used [0x00000000a0000000,0x00000000a651e948,0x00000000aa180000)
 Metaspace       used 90627K, capacity 98470K, committed 98600K, reserved 1134592K
  class space    used 11754K, capacity 13401K, committed 13472K, reserved 1048576K
Event: 5314.811 GC heap after
Heap after GC invocations=31 (full 3):
 PSYoungGen      total 317440K, used 26110K [0x00000000e0000000, 0x00000000f6500000, 0x0000000100000000)
  eden space 288768K, 0% used [0x00000000e0000000,0x00000000e0000000,0x00000000f1a00000)
  from space 28672K, 91% used [0x00000000f4900000,0x00000000f627f8c0,0x00000000f6500000)
  to   space 38400K, 0% used [0x00000000f1a00000,0x00000000f1a00000,0x00000000f3f80000)
 ParOldGen       total 165376K, used 103554K [0x00000000a0000000, 0x00000000aa180000, 0x00000000e0000000)
  object space 165376K, 62% used [0x00000000a0000000,0x00000000a6520948,0x00000000aa180000)
 Metaspace       used 90627K, capacity 98470K, committed 98600K, reserved 1134592K
  class space    used 11754K, capacity 13401K, committed 13472K, reserved 1048576K
}
Event: 5314.811 GC heap before
{Heap before GC invocations=32 (full 4):
 PSYoungGen      total 317440K, used 26110K [0x00000000e0000000, 0x00000000f6500000, 0x0000000100000000)
  eden space 288768K, 0% used [0x00000000e0000000,0x00000000e0000000,0x00000000f1a00000)
  from space 28672K, 91% used [0x00000000f4900000,0x00000000f627f8c0,0x00000000f6500000)
  to   space 38400K, 0% used [0x00000000f1a00000,0x00000000f1a00000,0x00000000f3f80000)
 ParOldGen       total 165376K, used 103554K [0x00000000a0000000, 0x00000000aa180000, 0x00000000e0000000)
  object space 165376K, 62% used [0x00000000a0000000,0x00000000a6520948,0x00000000aa180000)
 Metaspace       used 90627K, capacity 98470K, committed 98600K, reserved 1134592K
  class space    used 11754K, capacity 13401K, committed 13472K, reserved 1048576K
Event: 5314.999 GC heap after
Heap after GC invocations=32 (full 4):
 PSYoungGen      total 317440K, used 0K [0x00000000e0000000, 0x00000000f6500000, 0x0000000100000000)
  eden space 288768K, 0% used [0x00000000e0000000,0x00000000e0000000,0x00000000f1a00000)
  from space 28672K, 0% used [0x00000000f4900000,0x00000000f4900000,0x00000000f6500000)
  to   space 38400K, 0% used [0x00000000f1a00000,0x00000000f1a00000,0x00000000f3f80000)
 ParOldGen       total 244224K, used 70219K [0x00000000a0000000, 0x00000000aee80000, 0x00000000e0000000)
  object space 244224K, 28% used [0x00000000a0000000,0x00000000a4492ec0,0x00000000aee80000)
 Metaspace       used 88663K, capacity 95440K, committed 98600K, reserved 1134592K
  class space    used 11329K, capacity 12732K, committed 13472K, reserved 1048576K
}
Event: 5659.664 GC heap before
{Heap before GC invocations=33 (full 4):
 PSYoungGen      total 317440K, used 288768K [0x00000000e0000000, 0x00000000f6500000, 0x0000000100000000)
  eden space 288768K, 100% used [0x00000000e0000000,0x00000000f1a00000,0x00000000f1a00000)
  from space 28672K, 0% used [0x00000000f4900000,0x00000000f4900000,0x00000000f6500000)
  to   space 38400K, 0% used [0x00000000f1a00000,0x00000000f1a00000,0x00000000f3f80000)
 ParOldGen       total 244224K, used 70219K [0x00000000a0000000, 0x00000000aee80000, 0x00000000e0000000)
  object space 244224K, 28% used [0x00000000a0000000,0x00000000a4492ec0,0x00000000aee80000)
 Metaspace       used 88805K, capacity 95758K, committed 98600K, reserved 1134592K
  class space    used 11342K, capacity 12773K, committed 13472K, reserved 1048576K
Event: 5659.670 GC heap after
Heap after GC invocations=33 (full 4):
 PSYoungGen      total 327168K, used 3465K [0x00000000e0000000, 0x00000000f6e00000, 0x0000000100000000)
  eden space 288768K, 0% used [0x00000000e0000000,0x00000000e0000000,0x00000000f1a00000)
  from space 38400K, 9% used [0x00000000f1a00000,0x00000000f1d62650,0x00000000f3f80000)
  to   space 39424K, 0% used [0x00000000f4780000,0x00000000f4780000,0x00000000f6e00000)
 ParOldGen       total 244224K, used 70227K [0x00000000a0000000, 0x00000000aee80000, 0x00000000e0000000)
  object space 244224K, 28% used [0x00000000a0000000,0x00000000a4494ec0,0x00000000aee80000)
 Metaspace       used 88805K, capacity 95758K, committed 98600K, reserved 1134592K
  class space    used 11342K, capacity 12773K, committed 13472K, reserved 1048576K
}
Event: 5688.662 GC heap before
{Heap before GC invocations=34 (full 4):
 PSYoungGen      total 327168K, used 292233K [0x00000000e0000000, 0x00000000f6e00000, 0x0000000100000000)
  eden space 288768K, 100% used [0x00000000e0000000,0x00000000f1a00000,0x00000000f1a00000)
  from space 38400K, 9% used [0x00000000f1a00000,0x00000000f1d62650,0x00000000f3f80000)
  to   space 39424K, 0% used [0x00000000f4780000,0x00000000f4780000,0x00000000f6e00000)
 ParOldGen       total 244224K, used 70227K [0x00000000a0000000, 0x00000000aee80000, 0x00000000e0000000)
  object space 244224K, 28% used [0x00000000a0000000,0x00000000a4494ec0,0x00000000aee80000)
 Metaspace       used 88967K, capacity 95966K, committed 98600K, reserved 1134592K
  class space    used 11362K, capacity 12827K, committed 13472K, reserved 1048576K
Event: 5688.668 GC heap after
Heap after GC invocations=34 (full 4):
 PSYoungGen      total 332288K, used 8258K [0x00000000e0000000, 0x00000000f6c00000, 0x0000000100000000)
  eden space 294912K, 0% used [0x00000000e0000000,0x00000000e0000000,0x00000000f2000000)
  from space 37376K, 22% used [0x00000000f4780000,0x00000000f4f90ac8,0x00000000f6c00000)
  to   space 38912K, 0% used [0x00000000f2000000,0x00000000f2000000,0x00000000f4600000)
 ParOldGen       total 244224K, used 70235K [0x00000000a0000000, 0x00000000aee80000, 0x00000000e0000000)
  object space 244224K, 28% used [0x00000000a0000000,0x00000000a4496ec0,0x00000000aee80000)
 Metaspace       used 88967K, capacity 95966K, committed 98600K, reserved 1134592K
  class space    used 11362K, capacity 12827K, committed 13472K, reserved 1048576K
}
Event: 5748.205 GC heap before
{Heap before GC invocations=35 (full 4):
 PSYoungGen      total 332288K, used 303131K [0x00000000e0000000, 0x00000000f6c00000, 0x0000000100000000)
  eden space 294912K, 99% used [0x00000000e0000000,0x00000000f1ff61e0,0x00000000f2000000)
  from space 37376K, 22% used [0x00000000f4780000,0x00000000f4f90ac8,0x00000000f6c00000)
  to   space 38912K, 0% used [0x00000000f2000000,0x00000000f2000000,0x00000000f4600000)
 ParOldGen       total 244224K, used 70235K [0x00000000a0000000, 0x00000000aee80000, 0x00000000e0000000)
  object space 244224K, 28% used [0x00000000a0000000,0x00000000a4496ec0,0x00000000aee80000)
 Metaspace       used 89092K, capacity 96110K, committed 98600K, reserved 1134592K
  class space    used 11376K, capacity 12871K, committed 13472K, reserved 1048576K
Event: 5748.211 GC heap after
Heap after GC invocations=35 (full 4):
 PSYoungGen      total 333824K, used 7484K [0x00000000e0000000, 0x00000000f6f80000, 0x0000000100000000)
  eden space 294912K, 0% used [0x00000000e0000000,0x00000000e0000000,0x00000000f2000000)
  from space 38912K, 19% used [0x00000000f2000000,0x00000000f274f040,0x00000000f4600000)
  to   space 38400K, 0% used [0x00000000f4a00000,0x00000000f4a00000,0x00000000f6f80000)
 ParOldGen       total 244224K, used 70243K [0x00000000a0000000, 0x00000000aee80000, 0x00000000e0000000)
  object space 244224K, 28% used [0x00000000a0000000,0x00000000a4498ec0,0x00000000aee80000)
 Metaspace       used 89092K, capacity 96110K, committed 98600K, reserved 1134592K
  class space    used 11376K, capacity 12871K, committed 13472K, reserved 1048576K
}

