# JRE version: Java(TM) SE Runtime Environment (8.0_91-b15) (build 1.8.0_91-b15)
# Java VM: Java HotSpot(TM) 64-Bit Server VM (25.91-b15 mixed mode windows-amd64 compressed oops)
Heap:
 PSYoungGen      total 435712K, used 88534K [0x00000000e0000000, 0x00000000fc880000, 0x0000000100000000)
  eden space 411136K, 18% used [0x00000000e0000000,0x00000000e4a70238,0x00000000f9180000)
  from space 24576K, 50% used [0x00000000fb080000,0x00000000fbc85718,0x00000000fc880000)
  to   space 28160K, 0% used [0x00000000f9180000,0x00000000f9180000,0x00000000fad00000)
 ParOldGen       total 299008K, used 72888K [0x00000000a0000000, 0x00000000b2400000, 0x00000000e0000000)
  object space 299008K, 24% used [0x00000000a0000000,0x00000000a472e368,0x00000000b2400000)
 Metaspace       used 92736K, capacity 102662K, committed 102952K, reserved 1138688K
  class space    used 12026K, capacity 14339K, committed 14384K, reserved 1048576K
GC Heap History (10 events):
Event: 2607.110 GC heap before
{Heap before GC invocations=56 (full 4):
 PSYoungGen      total 398336K, used 369503K [0x00000000e0000000, 0x00000000fc000000, 0x0000000100000000)
  eden space 360960K, 100% used [0x00000000e0000000,0x00000000f6080000,0x00000000f6080000)
  from space 37376K, 22% used [0x00000000f6080000,0x00000000f68d7f60,0x00000000f8500000)
  to   space 35840K, 0% used [0x00000000f9d00000,0x00000000f9d00000,0x00000000fc000000)
 ParOldGen       total 299008K, used 72848K [0x00000000a0000000, 0x00000000b2400000, 0x00000000e0000000)
  object space 299008K, 24% used [0x00000000a0000000,0x00000000a4724368,0x00000000b2400000)
 Metaspace       used 91380K, capacity 100826K, committed 101160K, reserved 1136640K
  class space    used 11883K, capacity 14041K, committed 14128K, reserved 1048576K
Event: 2607.116 GC heap after
Heap after GC invocations=56 (full 4):
 PSYoungGen      total 410624K, used 8484K [0x00000000e0000000, 0x00000000fb880000, 0x0000000100000000)
  eden space 382464K, 0% used [0x00000000e0000000,0x00000000e0000000,0x00000000f7580000)
  from space 28160K, 30% used [0x00000000f9d00000,0x00000000fa5492c0,0x00000000fb880000)
  to   space 34304K, 0% used [0x00000000f7580000,0x00000000f7580000,0x00000000f9700000)
 ParOldGen       total 299008K, used 72856K [0x00000000a0000000, 0x00000000b2400000, 0x00000000e0000000)
  object space 299008K, 24% used [0x00000000a0000000,0x00000000a4726368,0x00000000b2400000)
 Metaspace       used 91380K, capacity 100826K, committed 101160K, reserved 1136640K
  class space    used 11883K, capacity 14041K, committed 14128K, reserved 1048576K
}
Event: 2611.773 GC heap before
{Heap before GC invocations=57 (full 4):
 PSYoungGen      total 410624K, used 390948K [0x00000000e0000000, 0x00000000fb880000, 0x0000000100000000)
  eden space 382464K, 100% used [0x00000000e0000000,0x00000000f7580000,0x00000000f7580000)
  from space 28160K, 30% used [0x00000000f9d00000,0x00000000fa5492c0,0x00000000fb880000)
  to   space 34304K, 0% used [0x00000000f7580000,0x00000000f7580000,0x00000000f9700000)
 ParOldGen       total 299008K, used 72856K [0x00000000a0000000, 0x00000000b2400000, 0x00000000e0000000)
  object space 299008K, 24% used [0x00000000a0000000,0x00000000a4726368,0x00000000b2400000)
 Metaspace       used 91537K, capacity 101184K, committed 101544K, reserved 1136640K
  class space    used 11911K, capacity 14130K, committed 14256K, reserved 1048576K
Event: 2611.781 GC heap after
Heap after GC invocations=57 (full 4):
 PSYoungGen      total 416768K, used 9444K [0x00000000e0000000, 0x00000000fc980000, 0x0000000100000000)
  eden space 382464K, 0% used [0x00000000e0000000,0x00000000e0000000,0x00000000f7580000)
  from space 34304K, 27% used [0x00000000f7580000,0x00000000f7eb9160,0x00000000f9700000)
  to   space 33280K, 0% used [0x00000000fa900000,0x00000000fa900000,0x00000000fc980000)
 ParOldGen       total 299008K, used 72864K [0x00000000a0000000, 0x00000000b2400000, 0x00000000e0000000)
  object space 299008K, 24% used [0x00000000a0000000,0x00000000a4728368,0x00000000b2400000)
 Metaspace       used 91537K, capacity 101184K, committed 101544K, reserved 1136640K
  class space    used 11911K, capacity 14130K, committed 14256K, reserved 1048576K
}
Event: 2622.726 GC heap before
{Heap before GC invocations=58 (full 4):
 PSYoungGen      total 416768K, used 391908K [0x00000000e0000000, 0x00000000fc980000, 0x0000000100000000)
  eden space 382464K, 100% used [0x00000000e0000000,0x00000000f7580000,0x00000000f7580000)
  from space 34304K, 27% used [0x00000000f7580000,0x00000000f7eb9160,0x00000000f9700000)
  to   space 33280K, 0% used [0x00000000fa900000,0x00000000fa900000,0x00000000fc980000)
 ParOldGen       total 299008K, used 72864K [0x00000000a0000000, 0x00000000b2400000, 0x00000000e0000000)
  object space 299008K, 24% used [0x00000000a0000000,0x00000000a4728368,0x00000000b2400000)
 Metaspace       used 91793K, capacity 101474K, committed 101928K, reserved 1136640K
  class space    used 11948K, capacity 14201K, committed 14384K, reserved 1048576K
Event: 2622.732 GC heap after
Heap after GC invocations=58 (full 4):
 PSYoungGen      total 425984K, used 9996K [0x00000000e0000000, 0x00000000fc380000, 0x0000000100000000)
  eden space 398848K, 0% used [0x00000000e0000000,0x00000000e0000000,0x00000000f8580000)
  from space 27136K, 36% used [0x00000000fa900000,0x00000000fb2c31e0,0x00000000fc380000)
  to   space 31744K, 0% used [0x00000000f8580000,0x00000000f8580000,0x00000000fa480000)
 ParOldGen       total 299008K, used 72872K [0x00000000a0000000, 0x00000000b2400000, 0x00000000e0000000)
  object space 299008K, 24% used [0x00000000a0000000,0x00000000a472a368,0x00000000b2400000)
 Metaspace       used 91793K, capacity 101474K, committed 101928K, reserved 1136640K
  class space    used 11948K, capacity 14201K, committed 14384K, reserved 1048576K
}
Event: 2633.570 GC heap before
{Heap before GC invocations=59 (full 4):
 PSYoungGen      total 425984K, used 408844K [0x00000000e0000000, 0x00000000fc380000, 0x0000000100000000)
  eden space 398848K, 100% used [0x00000000e0000000,0x00000000f8580000,0x00000000f8580000)
  from space 27136K, 36% used [0x00000000fa900000,0x00000000fb2c31e0,0x00000000fc380000)
  to   space 31744K, 0% used [0x00000000f8580000,0x00000000f8580000,0x00000000fa480000)
 ParOldGen       total 299008K, used 72872K [0x00000000a0000000, 0x00000000b2400000, 0x00000000e0000000)
  object space 299008K, 24% used [0x00000000a0000000,0x00000000a472a368,0x00000000b2400000)
 Metaspace       used 92244K, capacity 102128K, committed 102440K, reserved 1136640K
  class space    used 11983K, capacity 14282K, committed 14384K, reserved 1048576K
Event: 2633.579 GC heap after
Heap after GC invocations=59 (full 4):
 PSYoungGen      total 430592K, used 13017K [0x00000000e0000000, 0x00000000fcd80000, 0x0000000100000000)
  eden space 398848K, 0% used [0x00000000e0000000,0x00000000e0000000,0x00000000f8580000)
  from space 31744K, 41% used [0x00000000f8580000,0x00000000f92367e8,0x00000000fa480000)
  to   space 29696K, 0% used [0x00000000fb080000,0x00000000fb080000,0x00000000fcd80000)
 ParOldGen       total 299008K, used 72880K [0x00000000a0000000, 0x00000000b2400000, 0x00000000e0000000)
  object space 299008K, 24% used [0x00000000a0000000,0x00000000a472c368,0x00000000b2400000)
 Metaspace       used 92244K, capacity 102128K, committed 102440K, reserved 1136640K
  class space    used 11983K, capacity 14282K, committed 14384K, reserved 1048576K
}
Event: 2644.588 GC heap before
{Heap before GC invocations=60 (full 4):
 PSYoungGen      total 430592K, used 411865K [0x00000000e0000000, 0x00000000fcd80000, 0x0000000100000000)
  eden space 398848K, 100% used [0x00000000e0000000,0x00000000f8580000,0x00000000f8580000)
  from space 31744K, 41% used [0x00000000f8580000,0x00000000f92367e8,0x00000000fa480000)
  to   space 29696K, 0% used [0x00000000fb080000,0x00000000fb080000,0x00000000fcd80000)
 ParOldGen       total 299008K, used 72880K [0x00000000a0000000, 0x00000000b2400000, 0x00000000e0000000)
  object space 299008K, 24% used [0x00000000a0000000,0x00000000a472c368,0x00000000b2400000)
 Metaspace       used 92704K, capacity 102662K, committed 102952K, reserved 1138688K
  class space    used 12025K, capacity 14339K, committed 14384K, reserved 1048576K
Event: 2644.599 GC heap after
Heap after GC invocations=60 (full 4):
 PSYoungGen      total 435712K, used 12309K [0x00000000e0000000, 0x00000000fc880000, 0x0000000100000000)
  eden space 411136K, 0% used [0x00000000e0000000,0x00000000e0000000,0x00000000f9180000)
  from space 24576K, 50% used [0x00000000fb080000,0x00000000fbc85718,0x00000000fc880000)
  to   space 28160K, 0% used [0x00000000f9180000,0x00000000f9180000,0x00000000fad00000)
 ParOldGen       total 299008K, used 72888K [0x00000000a0000000, 0x00000000b2400000, 0x00000000e0000000)
  object space 299008K, 24% used [0x00000000a0000000,0x00000000a472e368,0x00000000b2400000)
 Metaspace       used 92704K, capacity 102662K, committed 102952K, reserved 1138688K
  class space    used 12025K, capacity 14339K, committed 14384K, reserved 1048576K
}

